 
****************************************
Report : reference
Design : GcdUnit
Version: L-2016.03-SP5-5
Date   : Fri Oct 21 23:07:09 2022
****************************************

Attributes:
    b - black box (unknown)
   bo - allows boundary optimization
    d - dont_touch
   mo - map_only
    h - hierarchical
    n - noncombinational
    r - removable
    s - synthetic operator
    u - contains unmapped logic

Reference          Library       Unit Area   Count    Total Area   Attributes
-----------------------------------------------------------------------------
GcdUnit_GcdUnitCtrlRTL_0x29124399ca008c5e_0    25.270000       1    25.270000 h, n
GcdUnit_GcdUnitDpathRTL_0x29124399ca008c5e_0   354.045996       1   354.045996 b, h, n
-----------------------------------------------------------------------------
Total 2 references                                    379.315996

****************************************
Design: GcdUnit_GcdUnitCtrlRTL_0x29124399ca008c5e_0 
****************************************
Reference          Library       Unit Area   Count    Total Area   Attributes
-----------------------------------------------------------------------------
AND3_X1            NangateOpenCellLibrary     1.330000       1     1.330000
AOI21_X1           NangateOpenCellLibrary     1.064000       2     2.128000
CLKBUF_X1          NangateOpenCellLibrary     0.798000       1     0.798000
GcdUnit_RegRst_0x9f365fdf6c8998a_0    13.300000       1    13.300000 h, n
INV_X1             NangateOpenCellLibrary     0.532000       2     1.064000
NAND2_X1           NangateOpenCellLibrary     0.798000       1     0.798000
NOR2_X1            NangateOpenCellLibrary     0.798000       4     3.192000
NOR3_X1            NangateOpenCellLibrary     1.064000       1     1.064000
OAI221_X1          NangateOpenCellLibrary     1.596000       1     1.596000
-----------------------------------------------------------------------------
Total 9 references                                     25.270000

****************************************
Design: GcdUnit_RegRst_0x9f365fdf6c8998a_0 
****************************************
Reference          Library       Unit Area   Count    Total Area   Attributes
-----------------------------------------------------------------------------
INV_X1             NangateOpenCellLibrary     0.532000       2     1.064000
SDFF_X1            NangateOpenCellLibrary     6.118000       2    12.236000 n
-----------------------------------------------------------------------------
Total 2 references                                     13.300000

****************************************
Design: GcdUnit_GcdUnitDpathRTL_0x29124399ca008c5e_0 
****************************************
Reference          Library       Unit Area   Count    Total Area   Attributes
-----------------------------------------------------------------------------
CLKBUF_X1          NangateOpenCellLibrary     0.798000       2     1.596000
GcdUnit_LtComparator_0x422b1f52edd46a85_0    44.688000       1    44.688000 h
GcdUnit_Mux_0x683fa1a418b072c9_0    45.220000       1    45.220000 h
GcdUnit_Mux_0xdd6473406d1a99a_0    29.792000       1    29.792000 h
GcdUnit_RegEn_0x68db79c4ec1d6e5b_0    76.341997       1    76.341997 b, h, n
GcdUnit_RegEn_0x68db79c4ec1d6e5b_1    76.341997       1    76.341997 b, h, n
GcdUnit_Subtractor_0x422b1f52edd46a85_0    73.150001       1    73.150001 h
GcdUnit_ZeroComparator_0x422b1f52edd46a85_0     6.916000       1     6.916000 h
-----------------------------------------------------------------------------
Total 8 references                                    354.045996

****************************************
Design: GcdUnit_LtComparator_0x422b1f52edd46a85_0 
****************************************
Reference          Library       Unit Area   Count    Total Area   Attributes
-----------------------------------------------------------------------------
AOI21_X1           NangateOpenCellLibrary     1.064000       5     5.320000
AOI22_X1           NangateOpenCellLibrary     1.330000       1     1.330000
AOI211_X1          NangateOpenCellLibrary     1.330000       1     1.330000
AOI221_X1          NangateOpenCellLibrary     1.596000       1     1.596000
AOI222_X1          NangateOpenCellLibrary     2.128000       2     4.256000
INV_X1             NangateOpenCellLibrary     0.532000      17     9.044000
NAND2_X1           NangateOpenCellLibrary     0.798000       7     5.586000
NOR2_X1            NangateOpenCellLibrary     0.798000       2     1.596000
OAI21_X1           NangateOpenCellLibrary     1.064000       5     5.320000
OAI22_X1           NangateOpenCellLibrary     1.330000       4     5.320000
OAI211_X1          NangateOpenCellLibrary     1.330000       3     3.990000
-----------------------------------------------------------------------------
Total 11 references                                    44.688000

****************************************
Design: GcdUnit_Mux_0x683fa1a418b072c9_0 
****************************************
Reference          Library       Unit Area   Count    Total Area   Attributes
-----------------------------------------------------------------------------
AOI222_X1          NangateOpenCellLibrary     2.128000      16    34.048000
INV_X1             NangateOpenCellLibrary     0.532000      17     9.044000
NOR2_X1            NangateOpenCellLibrary     0.798000       1     0.798000
NOR2_X2            NangateOpenCellLibrary     1.330000       1     1.330000
-----------------------------------------------------------------------------
Total 4 references                                     45.220000

****************************************
Design: GcdUnit_Mux_0xdd6473406d1a99a_0 
****************************************
Reference          Library       Unit Area   Count    Total Area   Attributes
-----------------------------------------------------------------------------
MUX2_X1            NangateOpenCellLibrary     1.862000      16    29.792000
-----------------------------------------------------------------------------
Total 1 references                                     29.792000

****************************************
Design: GcdUnit_RegEn_0x68db79c4ec1d6e5b_0 
****************************************
Reference          Library       Unit Area   Count    Total Area   Attributes
-----------------------------------------------------------------------------
DFF_X1             NangateOpenCellLibrary     4.522000      16    72.351997 n
GcdUnit_SNPS_CLOCK_GATE_HIGH_RegEn_0x68db79c4ec1d6e5b_1_0     3.990000       1     3.990000 b, h
-----------------------------------------------------------------------------
Total 2 references                                     76.341997

****************************************
Design: GcdUnit_SNPS_CLOCK_GATE_HIGH_RegEn_0x68db79c4ec1d6e5b_1_0 
****************************************
Reference          Library       Unit Area   Count    Total Area   Attributes
-----------------------------------------------------------------------------
CLKGATETST_X1      NangateOpenCellLibrary     3.990000       1     3.990000 b
-----------------------------------------------------------------------------
Total 1 references                                      3.990000

****************************************
Design: GcdUnit_RegEn_0x68db79c4ec1d6e5b_1 
****************************************
Reference          Library       Unit Area   Count    Total Area   Attributes
-----------------------------------------------------------------------------
DFF_X1             NangateOpenCellLibrary     4.522000      16    72.351997 n
GcdUnit_SNPS_CLOCK_GATE_HIGH_RegEn_0x68db79c4ec1d6e5b_0_0     3.990000       1     3.990000 b, h
-----------------------------------------------------------------------------
Total 2 references                                     76.341997

****************************************
Design: GcdUnit_SNPS_CLOCK_GATE_HIGH_RegEn_0x68db79c4ec1d6e5b_0_0 
****************************************
Reference          Library       Unit Area   Count    Total Area   Attributes
-----------------------------------------------------------------------------
CLKGATETST_X1      NangateOpenCellLibrary     3.990000       1     3.990000 b
-----------------------------------------------------------------------------
Total 1 references                                      3.990000

****************************************
Design: GcdUnit_Subtractor_0x422b1f52edd46a85_0 
****************************************
Reference          Library       Unit Area   Count    Total Area   Attributes
-----------------------------------------------------------------------------
GcdUnit_Subtractor_0x422b1f52edd46a85_DW01_sub_J1_0_0    73.150001       1    73.150001 h
-----------------------------------------------------------------------------
Total 1 references                                     73.150001

****************************************
Design: GcdUnit_Subtractor_0x422b1f52edd46a85_DW01_sub_J1_0_0 
****************************************
Reference          Library       Unit Area   Count    Total Area   Attributes
-----------------------------------------------------------------------------
FA_X1              NangateOpenCellLibrary     4.256000      14    59.584001 r
INV_X1             NangateOpenCellLibrary     0.532000      15     7.980000
NAND2_X1           NangateOpenCellLibrary     0.798000       1     0.798000
XNOR2_X1           NangateOpenCellLibrary     1.596000       1     1.596000
XOR2_X1            NangateOpenCellLibrary     1.596000       2     3.192000
-----------------------------------------------------------------------------
Total 5 references                                     73.150001

****************************************
Design: GcdUnit_ZeroComparator_0x422b1f52edd46a85_0 
****************************************
Reference          Library       Unit Area   Count    Total Area   Attributes
-----------------------------------------------------------------------------
AND4_X1            NangateOpenCellLibrary     1.596000       1     1.596000
NOR4_X1            NangateOpenCellLibrary     1.330000       4     5.320000
-----------------------------------------------------------------------------
Total 2 references                                      6.916000
1
