 
****************************************
Report : resources
Design : SramWrapper
Version: L-2016.03-SP5-5
Date   : Sat Oct 22 15:45:25 2022
****************************************


Resource Report for this hierarchy in file ./inputs/design.v
=============================================================================
| Cell           | Module         | Parameters | Contained Operations       |
=============================================================================
| add_x_1        | DW01_inc       | width=32   | add_25 (design.v:25)       |
| sub_x_2        | DW01_dec       | width=32   | sub_26 (design.v:26)       |
=============================================================================


Implementation Report
===============================================================================
|                    |                  | Current            | Set            |
| Cell               | Module           | Implementation     | Implementation |
===============================================================================
| add_x_1            | DW01_inc         | pparch (area,speed)                 |
| sub_x_2            | DW01_dec         | apparch (area)     |                |
===============================================================================

1
