 
****************************************
Report : constraint
        -all_violators
        -verbose
Design : SramWrapper
Version: L-2016.03-SP5-5
Date   : Sat Oct 22 15:45:25 2022
****************************************


    Net: sram_dout[31]

    max_capacitance        1.67
  - Capacitance            5.29
  ------------------------------
    Slack                 -3.61  (VIOLATED)


    Net: sram_dout[9]

    max_capacitance        1.67
  - Capacitance            1.95
  ------------------------------
    Slack                 -0.28  (VIOLATED)


    Net: sram_dout[17]

    max_capacitance        1.67
  - Capacitance            1.95
  ------------------------------
    Slack                 -0.27  (VIOLATED)


    Net: sram_dout[7]

    max_capacitance        1.67
  - Capacitance            1.94
  ------------------------------
    Slack                 -0.27  (VIOLATED)


    Net: sram_dout[27]

    max_capacitance        1.67
  - Capacitance            1.94
  ------------------------------
    Slack                 -0.27  (VIOLATED)


    Net: sram_dout[15]

    max_capacitance        1.67
  - Capacitance            1.94
  ------------------------------
    Slack                 -0.26  (VIOLATED)


    Net: sram_dout[5]

    max_capacitance        1.67
  - Capacitance            1.93
  ------------------------------
    Slack                 -0.26  (VIOLATED)


    Net: sram_dout[25]

    max_capacitance        1.67
  - Capacitance            1.93
  ------------------------------
    Slack                 -0.26  (VIOLATED)


    Net: sram_dout[13]

    max_capacitance        1.67
  - Capacitance            1.92
  ------------------------------
    Slack                 -0.25  (VIOLATED)


    Net: sram_dout[23]

    max_capacitance        1.67
  - Capacitance            1.92
  ------------------------------
    Slack                 -0.24  (VIOLATED)


    Net: sram_dout[21]

    max_capacitance        1.67
  - Capacitance            1.91
  ------------------------------
    Slack                 -0.24  (VIOLATED)


    Net: sram_dout[11]

    max_capacitance        1.67
  - Capacitance            1.90
  ------------------------------
    Slack                 -0.23  (VIOLATED)


    Net: sram_dout[29]

    max_capacitance        1.67
  - Capacitance            1.90
  ------------------------------
    Slack                 -0.23  (VIOLATED)


    Net: sram_dout[19]

    max_capacitance        1.67
  - Capacitance            1.90
  ------------------------------
    Slack                 -0.23  (VIOLATED)


    Design: SramWrapper

    max_leakage_power          0.00
  - Current Leakage Power   7511.97
  ----------------------------------
    Slack                  -7511.97  (VIOLATED)


1
