Warning: Layer 'metal1' is missing the optional 'edge capacitance' attribute. (PSYN-101)
Warning: Layer 'metal2' is missing the optional 'edge capacitance' attribute. (PSYN-101)
Warning: Layer 'metal3' is missing the optional 'edge capacitance' attribute. (PSYN-101)
Warning: Layer 'metal4' is missing the optional 'edge capacitance' attribute. (PSYN-101)
Warning: Layer 'metal5' is missing the optional 'edge capacitance' attribute. (PSYN-101)
Warning: Layer 'metal6' is missing the optional 'edge capacitance' attribute. (PSYN-101)
Warning: Layer 'metal7' is missing the optional 'edge capacitance' attribute. (PSYN-101)
Warning: Layer 'metal8' is missing the optional 'edge capacitance' attribute. (PSYN-101)
Warning: Layer 'metal9' is missing the optional 'edge capacitance' attribute. (PSYN-101)
Warning: Layer 'metal10' is missing the optional 'edge capacitance' attribute. (PSYN-101)
 
****************************************
Report : area
Design : SramWrapper
Version: L-2016.03-SP5-5
Date   : Sat Oct 22 15:45:25 2022
****************************************

Library(s) Used:

    NangateOpenCellLibrary (File: /home/users/ctorng/work/cc/ee272-hw5/SramWrapper/build/5-synopsys-dc-synthesis/inputs/adk/stdcells.db)
    sram_TT_3p3V_25C_lib (File: /home/users/ctorng/work/cc/ee272-hw5/SramWrapper/build/5-synopsys-dc-synthesis/inputs/sram_TT_3p3V_25C.db)

Number of ports:                          202
Number of nets:                           396
Number of cells:                          182
Number of combinational cells:            179
Number of sequential cells:                 0
Number of macros/black boxes:               1
Number of buf/inv:                         61
Number of references:                       4

Combinational area:                212.799999
Buf/Inv area:                       37.240000
Noncombinational area:               0.000000
Macro/Black Box area:            14848.070312
Net Interconnect area:      undefined  (Wire load has zero net area)

Total cell area:                 15060.870312
Total area:                 undefined

Core Area:                       590
Aspect Ratio:                 0.7468
Utilization Ratio:            0.6269


The above information was reported from the logical library. The following are from the physical library:

  Total moveable cell area: 370.2
  Total fixed cell area: 0.0
  Total physical cell area: 370.2
 Core area: 0.000, 0.000, 28.120, 21.000

Hierarchical area distribution
------------------------------

                                  Global cell area             Local cell area
                                  -------------------  ------------------------------- 
Hierarchical cell                 Absolute    Percent  Combi-    Noncombi-  Black-
                                  Total       Total    national  national   boxes       Design
--------------------------------  ----------  -------  --------  ---------  ----------  ---------------------------------------
SramWrapper                       15060.8703    100.0    3.7240     0.0000  14848.0703  SramWrapper
add_x_1                              97.8880      0.6   97.8880     0.0000      0.0000  SramWrapper_SramWrapper_DW01_inc_0_0
sub_x_2                             111.1880      0.7  111.1880     0.0000      0.0000  SramWrapper_SramWrapper_DW01_dec_J1_0_0
--------------------------------  ----------  -------  --------  ---------  ----------  ---------------------------------------
Total                                                  212.8000     0.0000  14848.0703

1
