 
****************************************
Report : clock timing
        -type summary
Design : SramWrapper
Version: L-2016.03-SP5-5
Date   : Sat Oct 22 15:45:24 2022
****************************************

  Clock: ideal_clock
----------------------------------------------------------------------------
  Maximum setup launch latency:
      sram/clk0                                              0.00      wf-+

  Minimum setup capture latency:
      sram/clk0                                              0.00      wr-+

  Minimum hold launch latency:
      sram/clk0                                              0.00      bf-+

  Maximum hold capture latency:
      sram/clk0                                              0.00      br-+

  Maximum active transition:
      sram/clk0                                              0.00      wf-+

  Minimum active transition:
      sram/clk0                                              0.00      wf-+

  No local skews.
----------------------------------------------------------------------------

1
