|==============================================================================|
|=========                       OpenRAM v1.1.3                       =========|
|=========                                                            =========|
|=========               VLSI Design and Automation Lab               =========|
|=========        Computer Science and Engineering Department         =========|
|=========            University of California Santa Cruz             =========|
|=========                                                            =========|
|=========          Usage help: openram-user-group@ucsc.edu           =========|
|=========        Development help: openram-dev-group@ucsc.edu        =========|
|=========         Temp dir: /tmp/openram_ctorng_10325_temp/          =========|
|=========                See LICENSE for license info                =========|
|==============================================================================|
** Start: 10/22/2022 15:33:03
Technology: freepdk45
Total size: 4096 bits
Word size: 32
Words: 128
Banks: 1
Write size: None
RW ports: 1
R-only ports: 0
W-only ports: 0
Design supply routing skipped. Supplies will have multiple must-connect pins. (route_supplies=True to enable supply routing).
DRC/LVS/PEX is only run on the top-level design to save run-time (inline_lvsdrc=True to do inline checking).
DRC/LVS/PEX is disabled (check_lvsdrc=True to enable).
Characterization is disabled (using analytical delay models) (analytical_delay=False to simulate).
Words per row: 2
Output files are: 
/home/users/ctorng/work/cc/ee272-hw5/SramWrapper/build/4-sram/outputs/sram.sp
/home/users/ctorng/work/cc/ee272-hw5/SramWrapper/build/4-sram/outputs/sram.v
/home/users/ctorng/work/cc/ee272-hw5/SramWrapper/build/4-sram/outputs/sram.lib
/home/users/ctorng/work/cc/ee272-hw5/SramWrapper/build/4-sram/outputs/sram.py
/home/users/ctorng/work/cc/ee272-hw5/SramWrapper/build/4-sram/outputs/sram.html
/home/users/ctorng/work/cc/ee272-hw5/SramWrapper/build/4-sram/outputs/sram.log
/home/users/ctorng/work/cc/ee272-hw5/SramWrapper/build/4-sram/outputs/sram.lef
/home/users/ctorng/work/cc/ee272-hw5/SramWrapper/build/4-sram/outputs/sram.gds
** Submodules: 11.5 seconds
** Placement: 0.0 seconds
** Routing: 1.3 seconds
** Verification: 0.0 seconds
** SRAM creation: 13.1 seconds
LEF: Writing to /home/users/ctorng/work/cc/ee272-hw5/SramWrapper/build/4-sram/outputs/sram.lef
** LEF: 52.2 seconds
GDS: Writing to /home/users/ctorng/work/cc/ee272-hw5/SramWrapper/build/4-sram/outputs/sram.gds
** GDS: 4.0 seconds
SP: Writing to /home/users/ctorng/work/cc/ee272-hw5/SramWrapper/build/4-sram/outputs/sram.sp
** Spice writing: 0.1 seconds
LIB: Characterizing... 
WARNING: file hierarchy_spice.py: line 325: Design Class ptx logical effort function needs to be defined

WARNING: file hierarchy_spice.py: line 328: Class ptx name nmos_m1_w0_720

WARNING: file hierarchy_spice.py: line 325: Design Class ptx logical effort function needs to be defined

WARNING: file hierarchy_spice.py: line 328: Class ptx name nmos_m1_w0_720

WARNING: file hierarchy_spice.py: line 325: Design Class ptx logical effort function needs to be defined

WARNING: file hierarchy_spice.py: line 328: Class ptx name nmos_m1_w0_720

WARNING: file hierarchy_spice.py: line 325: Design Class ptx logical effort function needs to be defined

WARNING: file hierarchy_spice.py: line 328: Class ptx name nmos_m1_w0_720

WARNING: file hierarchy_spice.py: line 325: Design Class ptx logical effort function needs to be defined

WARNING: file hierarchy_spice.py: line 328: Class ptx name nmos_m1_w0_720

WARNING: file hierarchy_spice.py: line 325: Design Class ptx logical effort function needs to be defined

WARNING: file hierarchy_spice.py: line 328: Class ptx name nmos_m1_w0_720

WARNING: file hierarchy_spice.py: line 325: Design Class ptx logical effort function needs to be defined

WARNING: file hierarchy_spice.py: line 328: Class ptx name nmos_m1_w0_720

WARNING: file hierarchy_spice.py: line 325: Design Class ptx logical effort function needs to be defined

WARNING: file hierarchy_spice.py: line 328: Class ptx name nmos_m1_w0_720

WARNING: file hierarchy_spice.py: line 325: Design Class ptx logical effort function needs to be defined

WARNING: file hierarchy_spice.py: line 328: Class ptx name nmos_m1_w0_720

WARNING: file lib.py: line 596: Failed to retrieve git id

WARNING: file hierarchy_spice.py: line 325: Design Class ptx logical effort function needs to be defined

WARNING: file hierarchy_spice.py: line 328: Class ptx name nmos_m1_w0_720

WARNING: file hierarchy_spice.py: line 325: Design Class ptx logical effort function needs to be defined

WARNING: file hierarchy_spice.py: line 328: Class ptx name nmos_m1_w0_720

WARNING: file hierarchy_spice.py: line 325: Design Class ptx logical effort function needs to be defined

WARNING: file hierarchy_spice.py: line 328: Class ptx name nmos_m1_w0_720

WARNING: file hierarchy_spice.py: line 325: Design Class ptx logical effort function needs to be defined

WARNING: file hierarchy_spice.py: line 328: Class ptx name nmos_m1_w0_720

WARNING: file hierarchy_spice.py: line 325: Design Class ptx logical effort function needs to be defined

WARNING: file hierarchy_spice.py: line 328: Class ptx name nmos_m1_w0_720

WARNING: file hierarchy_spice.py: line 325: Design Class ptx logical effort function needs to be defined

WARNING: file hierarchy_spice.py: line 328: Class ptx name nmos_m1_w0_720

WARNING: file hierarchy_spice.py: line 325: Design Class ptx logical effort function needs to be defined

WARNING: file hierarchy_spice.py: line 328: Class ptx name nmos_m1_w0_720

WARNING: file hierarchy_spice.py: line 325: Design Class ptx logical effort function needs to be defined

WARNING: file hierarchy_spice.py: line 328: Class ptx name nmos_m1_w0_720

WARNING: file hierarchy_spice.py: line 325: Design Class ptx logical effort function needs to be defined

WARNING: file hierarchy_spice.py: line 328: Class ptx name nmos_m1_w0_720

WARNING: file lib.py: line 596: Failed to retrieve git id

WARNING: file hierarchy_spice.py: line 325: Design Class ptx logical effort function needs to be defined

WARNING: file hierarchy_spice.py: line 328: Class ptx name nmos_m1_w0_720

WARNING: file hierarchy_spice.py: line 325: Design Class ptx logical effort function needs to be defined

WARNING: file hierarchy_spice.py: line 328: Class ptx name nmos_m1_w0_720

WARNING: file hierarchy_spice.py: line 325: Design Class ptx logical effort function needs to be defined

WARNING: file hierarchy_spice.py: line 328: Class ptx name nmos_m1_w0_720

WARNING: file hierarchy_spice.py: line 325: Design Class ptx logical effort function needs to be defined

WARNING: file hierarchy_spice.py: line 328: Class ptx name nmos_m1_w0_720

WARNING: file hierarchy_spice.py: line 325: Design Class ptx logical effort function needs to be defined

WARNING: file hierarchy_spice.py: line 328: Class ptx name nmos_m1_w0_720

WARNING: file hierarchy_spice.py: line 325: Design Class ptx logical effort function needs to be defined

WARNING: file hierarchy_spice.py: line 328: Class ptx name nmos_m1_w0_720

WARNING: file hierarchy_spice.py: line 325: Design Class ptx logical effort function needs to be defined

WARNING: file hierarchy_spice.py: line 328: Class ptx name nmos_m1_w0_720

WARNING: file hierarchy_spice.py: line 325: Design Class ptx logical effort function needs to be defined

WARNING: file hierarchy_spice.py: line 328: Class ptx name nmos_m1_w0_720

WARNING: file hierarchy_spice.py: line 325: Design Class ptx logical effort function needs to be defined

WARNING: file hierarchy_spice.py: line 328: Class ptx name nmos_m1_w0_720

WARNING: file lib.py: line 596: Failed to retrieve git id

WARNING: file hierarchy_spice.py: line 325: Design Class ptx logical effort function needs to be defined

WARNING: file hierarchy_spice.py: line 328: Class ptx name nmos_m1_w0_720

WARNING: file hierarchy_spice.py: line 325: Design Class ptx logical effort function needs to be defined

WARNING: file hierarchy_spice.py: line 328: Class ptx name nmos_m1_w0_720

WARNING: file hierarchy_spice.py: line 325: Design Class ptx logical effort function needs to be defined

WARNING: file hierarchy_spice.py: line 328: Class ptx name nmos_m1_w0_720

WARNING: file hierarchy_spice.py: line 325: Design Class ptx logical effort function needs to be defined

WARNING: file hierarchy_spice.py: line 328: Class ptx name nmos_m1_w0_720

WARNING: file hierarchy_spice.py: line 325: Design Class ptx logical effort function needs to be defined

WARNING: file hierarchy_spice.py: line 328: Class ptx name nmos_m1_w0_720

WARNING: file hierarchy_spice.py: line 325: Design Class ptx logical effort function needs to be defined

WARNING: file hierarchy_spice.py: line 328: Class ptx name nmos_m1_w0_720

WARNING: file hierarchy_spice.py: line 325: Design Class ptx logical effort function needs to be defined

WARNING: file hierarchy_spice.py: line 328: Class ptx name nmos_m1_w0_720

WARNING: file hierarchy_spice.py: line 325: Design Class ptx logical effort function needs to be defined

WARNING: file hierarchy_spice.py: line 328: Class ptx name nmos_m1_w0_720

WARNING: file hierarchy_spice.py: line 325: Design Class ptx logical effort function needs to be defined

WARNING: file hierarchy_spice.py: line 328: Class ptx name nmos_m1_w0_720

WARNING: file lib.py: line 596: Failed to retrieve git id

** Characterization: 4.3 seconds
Config: Writing to /home/users/ctorng/work/cc/ee272-hw5/SramWrapper/build/4-sram/outputs/sram.py
** Config: 0.0 seconds
Datasheet: Writing to /home/users/ctorng/work/cc/ee272-hw5/SramWrapper/build/4-sram/outputs/sram.html
** Datasheet: 0.0 seconds
Verilog: Writing to /home/users/ctorng/work/cc/ee272-hw5/SramWrapper/build/4-sram/outputs/sram.v
** Verilog: 0.0 seconds
** End: 74.0 seconds
